-- Found ament_cmake: 1.3.3 (/opt/ros/humble/share/ament_cmake/cmake)
-- Found rclcpp: 16.0.3 (/opt/ros/humble/share/rclcpp/cmake)
-- Found rosidl_generator_c: 3.1.4 (/opt/ros/humble/share/rosidl_generator_c/cmake)
-- Found rosidl_adapter: 3.1.4 (/opt/ros/humble/share/rosidl_adapter/cmake)
-- Found rosidl_generator_cpp: 3.1.4 (/opt/ros/humble/share/rosidl_generator_cpp/cmake)
-- Using all available rosidl_typesupport_c: rosidl_typesupport_fastrtps_c;rosidl_typesupport_introspection_c
-- Using all available rosidl_typesupport_cpp: rosidl_typesupport_fastrtps_cpp;rosidl_typesupport_introspection_cpp
-- Found rmw_implementation_cmake: 6.1.1 (/opt/ros/humble/share/rmw_implementation_cmake/cmake)
-- Found rmw_fastrtps_cpp: 6.2.2 (/opt/ros/humble/share/rmw_fastrtps_cpp/cmake)
-- Using RMW implementation 'rmw_fastrtps_cpp' as default
-- Configuring done
-- Generating done
-- Build files have been written to: /home/deependu/ROS/ros_basics/build/my_package_1
[35m[1mConsolidate compiler generated dependencies of target talker[0m
[ 25%] [32mBuilding CXX object CMakeFiles/listener.dir/src/subscriber_member_function.cpp.o[0m
[ 75%] Built target talker
[100%] [32m[1mLinking CXX executable listener[0m
[100%] Built target listener
-- Install configuration: ""
-- Up-to-date: /home/deependu/ROS/ros_basics/install/my_package_1/lib/my_package_1/talker
-- Installing: /home/deependu/ROS/ros_basics/install/my_package_1/lib/my_package_1/listener
-- Set runtime path of "/home/deependu/ROS/ros_basics/install/my_package_1/lib/my_package_1/listener" to ""
-- Up-to-date: /home/deependu/ROS/ros_basics/install/my_package_1/lib/my_package_1/talker
-- Up-to-date: /home/deependu/ROS/ros_basics/install/my_package_1/share/ament_index/resource_index/package_run_dependencies/my_package_1
-- Installing: /home/deependu/ROS/ros_basics/install/my_package_1/share/ament_index/resource_index/parent_prefix_path/my_package_1
-- Up-to-date: /home/deependu/ROS/ros_basics/install/my_package_1/share/my_package_1/environment/ament_prefix_path.sh
-- Installing: /home/deependu/ROS/ros_basics/install/my_package_1/share/my_package_1/environment/ament_prefix_path.dsv
-- Up-to-date: /home/deependu/ROS/ros_basics/install/my_package_1/share/my_package_1/environment/path.sh
-- Installing: /home/deependu/ROS/ros_basics/install/my_package_1/share/my_package_1/environment/path.dsv
-- Up-to-date: /home/deependu/ROS/ros_basics/install/my_package_1/share/my_package_1/local_setup.bash
-- Up-to-date: /home/deependu/ROS/ros_basics/install/my_package_1/share/my_package_1/local_setup.sh
-- Up-to-date: /home/deependu/ROS/ros_basics/install/my_package_1/share/my_package_1/local_setup.zsh
-- Installing: /home/deependu/ROS/ros_basics/install/my_package_1/share/my_package_1/local_setup.dsv
-- Installing: /home/deependu/ROS/ros_basics/install/my_package_1/share/my_package_1/package.dsv
-- Up-to-date: /home/deependu/ROS/ros_basics/install/my_package_1/share/ament_index/resource_index/packages/my_package_1
-- Up-to-date: /home/deependu/ROS/ros_basics/install/my_package_1/share/my_package_1/cmake/my_package_1Config.cmake
-- Up-to-date: /home/deependu/ROS/ros_basics/install/my_package_1/share/my_package_1/cmake/my_package_1Config-version.cmake
-- Up-to-date: /home/deependu/ROS/ros_basics/install/my_package_1/share/my_package_1/package.xml
