[0.015s] Invoking command in '/home/deependu/ROS/ros_basics/build/my_package_1': CMAKE_PREFIX_PATH=${CMAKE_PREFIX_PATH}:/opt/ros/humble /usr/bin/cmake --build /home/deependu/ROS/ros_basics/build/my_package_1 -- -j8 -l8
[0.035s] -- Found ament_cmake: 1.3.3 (/opt/ros/humble/share/ament_cmake/cmake)
[0.164s] -- Found rclcpp: 16.0.3 (/opt/ros/humble/share/rclcpp/cmake)
[0.200s] -- Found rosidl_generator_c: 3.1.4 (/opt/ros/humble/share/rosidl_generator_c/cmake)
[0.204s] -- Found rosidl_adapter: 3.1.4 (/opt/ros/humble/share/rosidl_adapter/cmake)
[0.214s] -- Found rosidl_generator_cpp: 3.1.4 (/opt/ros/humble/share/rosidl_generator_cpp/cmake)
[0.227s] -- Using all available rosidl_typesupport_c: rosidl_typesupport_fastrtps_c;rosidl_typesupport_introspection_c
[0.245s] -- Using all available rosidl_typesupport_cpp: rosidl_typesupport_fastrtps_cpp;rosidl_typesupport_introspection_cpp
[0.307s] -- Found rmw_implementation_cmake: 6.1.1 (/opt/ros/humble/share/rmw_implementation_cmake/cmake)
[0.309s] -- Found rmw_fastrtps_cpp: 6.2.2 (/opt/ros/humble/share/rmw_fastrtps_cpp/cmake)
[0.417s] -- Using RMW implementation 'rmw_fastrtps_cpp' as default
[0.647s] -- Configuring done
[0.657s] -- Generating done
[0.658s] -- Build files have been written to: /home/deependu/ROS/ros_basics/build/my_package_1
[0.679s] [35m[1mConsolidate compiler generated dependencies of target talker[0m
[0.686s] [ 25%] [32mBuilding CXX object CMakeFiles/listener.dir/src/subscriber_member_function.cpp.o[0m
[0.693s] [ 75%] Built target talker
[8.290s] [100%] [32m[1mLinking CXX executable listener[0m
[8.632s] [100%] Built target listener
[8.642s] Invoked command in '/home/deependu/ROS/ros_basics/build/my_package_1' returned '0': CMAKE_PREFIX_PATH=${CMAKE_PREFIX_PATH}:/opt/ros/humble /usr/bin/cmake --build /home/deependu/ROS/ros_basics/build/my_package_1 -- -j8 -l8
[8.670s] Invoking command in '/home/deependu/ROS/ros_basics/build/my_package_1': CMAKE_PREFIX_PATH=${CMAKE_PREFIX_PATH}:/opt/ros/humble /usr/bin/cmake --install /home/deependu/ROS/ros_basics/build/my_package_1
[8.675s] -- Install configuration: ""
[8.675s] -- Up-to-date: /home/deependu/ROS/ros_basics/install/my_package_1/lib/my_package_1/talker
[8.675s] -- Installing: /home/deependu/ROS/ros_basics/install/my_package_1/lib/my_package_1/listener
[8.678s] -- Set runtime path of "/home/deependu/ROS/ros_basics/install/my_package_1/lib/my_package_1/listener" to ""
[8.678s] -- Up-to-date: /home/deependu/ROS/ros_basics/install/my_package_1/lib/my_package_1/talker
[8.678s] -- Up-to-date: /home/deependu/ROS/ros_basics/install/my_package_1/share/ament_index/resource_index/package_run_dependencies/my_package_1
[8.678s] -- Installing: /home/deependu/ROS/ros_basics/install/my_package_1/share/ament_index/resource_index/parent_prefix_path/my_package_1
[8.679s] -- Up-to-date: /home/deependu/ROS/ros_basics/install/my_package_1/share/my_package_1/environment/ament_prefix_path.sh
[8.679s] -- Installing: /home/deependu/ROS/ros_basics/install/my_package_1/share/my_package_1/environment/ament_prefix_path.dsv
[8.679s] -- Up-to-date: /home/deependu/ROS/ros_basics/install/my_package_1/share/my_package_1/environment/path.sh
[8.679s] -- Installing: /home/deependu/ROS/ros_basics/install/my_package_1/share/my_package_1/environment/path.dsv
[8.679s] -- Up-to-date: /home/deependu/ROS/ros_basics/install/my_package_1/share/my_package_1/local_setup.bash
[8.679s] -- Up-to-date: /home/deependu/ROS/ros_basics/install/my_package_1/share/my_package_1/local_setup.sh
[8.679s] -- Up-to-date: /home/deependu/ROS/ros_basics/install/my_package_1/share/my_package_1/local_setup.zsh
[8.679s] -- Installing: /home/deependu/ROS/ros_basics/install/my_package_1/share/my_package_1/local_setup.dsv
[8.679s] -- Installing: /home/deependu/ROS/ros_basics/install/my_package_1/share/my_package_1/package.dsv
[8.679s] -- Up-to-date: /home/deependu/ROS/ros_basics/install/my_package_1/share/ament_index/resource_index/packages/my_package_1
[8.679s] -- Up-to-date: /home/deependu/ROS/ros_basics/install/my_package_1/share/my_package_1/cmake/my_package_1Config.cmake
[8.679s] -- Up-to-date: /home/deependu/ROS/ros_basics/install/my_package_1/share/my_package_1/cmake/my_package_1Config-version.cmake
[8.679s] -- Up-to-date: /home/deependu/ROS/ros_basics/install/my_package_1/share/my_package_1/package.xml
[8.681s] Invoked command in '/home/deependu/ROS/ros_basics/build/my_package_1' returned '0': CMAKE_PREFIX_PATH=${CMAKE_PREFIX_PATH}:/opt/ros/humble /usr/bin/cmake --install /home/deependu/ROS/ros_basics/build/my_package_1
