[0.014s] Invoking command in '/home/deependu/ROS/ros_basics/build/my_package_1': CMAKE_PREFIX_PATH=/opt/ros/humble /usr/bin/cmake /home/deependu/ROS/ros_basics/src/my_package_1 -DCMAKE_INSTALL_PREFIX=/home/deependu/ROS/ros_basics/install/my_package_1
[0.099s] -- The C compiler identification is GNU 11.3.0
[0.175s] -- The CXX compiler identification is GNU 11.3.0
[0.184s] -- Detecting C compiler ABI info
[0.244s] -- Detecting C compiler ABI info - done
[0.252s] -- Check for working C compiler: /usr/bin/cc - skipped
[0.253s] -- Detecting C compile features
[0.254s] -- Detecting C compile features - done
[0.257s] -- Detecting CXX compiler ABI info
[0.328s] -- Detecting CXX compiler ABI info - done
[0.341s] -- Check for working CXX compiler: /usr/bin/c++ - skipped
[0.341s] -- Detecting CXX compile features
[0.341s] -- Detecting CXX compile features - done
[0.350s] -- Found ament_cmake: 1.3.3 (/opt/ros/humble/share/ament_cmake/cmake)
[0.516s] -- Found Python3: /usr/bin/python3.10 (found version "3.10.6") found components: Interpreter 
[0.635s] -- Found rclcpp: 16.0.3 (/opt/ros/humble/share/rclcpp/cmake)
[0.700s] -- Found rosidl_generator_c: 3.1.4 (/opt/ros/humble/share/rosidl_generator_c/cmake)
[0.705s] -- Found rosidl_adapter: 3.1.4 (/opt/ros/humble/share/rosidl_adapter/cmake)
[0.716s] -- Found rosidl_generator_cpp: 3.1.4 (/opt/ros/humble/share/rosidl_generator_cpp/cmake)
[0.734s] -- Using all available rosidl_typesupport_c: rosidl_typesupport_fastrtps_c;rosidl_typesupport_introspection_c
[0.756s] -- Using all available rosidl_typesupport_cpp: rosidl_typesupport_fastrtps_cpp;rosidl_typesupport_introspection_cpp
[0.833s] -- Found rmw_implementation_cmake: 6.1.1 (/opt/ros/humble/share/rmw_implementation_cmake/cmake)
[0.836s] -- Found rmw_fastrtps_cpp: 6.2.2 (/opt/ros/humble/share/rmw_fastrtps_cpp/cmake)
[0.928s] -- Found OpenSSL: /usr/lib/x86_64-linux-gnu/libcrypto.so (found version "3.0.2")  
[0.954s] -- Found FastRTPS: /opt/ros/humble/include  
[0.996s] -- Using RMW implementation 'rmw_fastrtps_cpp' as default
[1.007s] -- Looking for pthread.h
[1.072s] -- Looking for pthread.h - found
[1.073s] -- Performing Test CMAKE_HAVE_LIBC_PTHREAD
[1.135s] -- Performing Test CMAKE_HAVE_LIBC_PTHREAD - Success
[1.136s] -- Found Threads: TRUE  
[1.375s] -- Configuring done
[1.382s] -- Generating done
[1.383s] -- Build files have been written to: /home/deependu/ROS/ros_basics/build/my_package_1
[1.391s] Invoked command in '/home/deependu/ROS/ros_basics/build/my_package_1' returned '0': CMAKE_PREFIX_PATH=/opt/ros/humble /usr/bin/cmake /home/deependu/ROS/ros_basics/src/my_package_1 -DCMAKE_INSTALL_PREFIX=/home/deependu/ROS/ros_basics/install/my_package_1
[1.393s] Invoking command in '/home/deependu/ROS/ros_basics/build/my_package_1': CMAKE_PREFIX_PATH=/opt/ros/humble /usr/bin/cmake --build /home/deependu/ROS/ros_basics/build/my_package_1 -- -j8 -l8
[1.432s] [ 50%] [32mBuilding CXX object CMakeFiles/talker.dir/src/publisher_member_function.cpp.o[0m
[5.935s] [100%] [32m[1mLinking CXX executable talker[0m
[6.156s] [100%] Built target talker
[6.164s] Invoked command in '/home/deependu/ROS/ros_basics/build/my_package_1' returned '0': CMAKE_PREFIX_PATH=/opt/ros/humble /usr/bin/cmake --build /home/deependu/ROS/ros_basics/build/my_package_1 -- -j8 -l8
[6.188s] Invoking command in '/home/deependu/ROS/ros_basics/build/my_package_1': CMAKE_PREFIX_PATH=/opt/ros/humble /usr/bin/cmake --install /home/deependu/ROS/ros_basics/build/my_package_1
[6.195s] -- Install configuration: ""
[6.195s] -- Installing: /home/deependu/ROS/ros_basics/install/my_package_1/lib/my_package_1/talker
[6.196s] -- Set runtime path of "/home/deependu/ROS/ros_basics/install/my_package_1/lib/my_package_1/talker" to ""
[6.196s] -- Installing: /home/deependu/ROS/ros_basics/install/my_package_1/share/ament_index/resource_index/package_run_dependencies/my_package_1
[6.196s] -- Installing: /home/deependu/ROS/ros_basics/install/my_package_1/share/ament_index/resource_index/parent_prefix_path/my_package_1
[6.196s] -- Installing: /home/deependu/ROS/ros_basics/install/my_package_1/share/my_package_1/environment/ament_prefix_path.sh
[6.196s] -- Installing: /home/deependu/ROS/ros_basics/install/my_package_1/share/my_package_1/environment/ament_prefix_path.dsv
[6.196s] -- Installing: /home/deependu/ROS/ros_basics/install/my_package_1/share/my_package_1/environment/path.sh
[6.197s] -- Installing: /home/deependu/ROS/ros_basics/install/my_package_1/share/my_package_1/environment/path.dsv
[6.197s] -- Installing: /home/deependu/ROS/ros_basics/install/my_package_1/share/my_package_1/local_setup.bash
[6.197s] -- Installing: /home/deependu/ROS/ros_basics/install/my_package_1/share/my_package_1/local_setup.sh
[6.197s] -- Installing: /home/deependu/ROS/ros_basics/install/my_package_1/share/my_package_1/local_setup.zsh
[6.197s] -- Installing: /home/deependu/ROS/ros_basics/install/my_package_1/share/my_package_1/local_setup.dsv
[6.197s] -- Installing: /home/deependu/ROS/ros_basics/install/my_package_1/share/my_package_1/package.dsv
[6.197s] -- Installing: /home/deependu/ROS/ros_basics/install/my_package_1/share/ament_index/resource_index/packages/my_package_1
[6.197s] -- Installing: /home/deependu/ROS/ros_basics/install/my_package_1/share/my_package_1/cmake/my_package_1Config.cmake
[6.197s] -- Installing: /home/deependu/ROS/ros_basics/install/my_package_1/share/my_package_1/cmake/my_package_1Config-version.cmake
[6.197s] -- Installing: /home/deependu/ROS/ros_basics/install/my_package_1/share/my_package_1/package.xml
[6.199s] Invoked command in '/home/deependu/ROS/ros_basics/build/my_package_1' returned '0': CMAKE_PREFIX_PATH=/opt/ros/humble /usr/bin/cmake --install /home/deependu/ROS/ros_basics/build/my_package_1
