[0.491s] DEBUG:colcon:Command line arguments: ['/usr/bin/colcon', 'list', '-p', '--base-paths', '/home/deependu/ROS/ros_basics']
[0.491s] DEBUG:colcon:Parsed command line arguments: Namespace(log_base=None, log_level=None, verb_name='list', build_base='build', ignore_user_meta=False, metas=['./colcon.meta'], base_paths=['/home/deependu/ROS/ros_basics'], packages_ignore=None, packages_ignore_regex=None, paths=None, packages_up_to=None, packages_up_to_regex=None, packages_above=None, packages_above_and_dependencies=None, packages_above_depth=None, packages_select_by_dep=None, packages_skip_by_dep=None, packages_skip_up_to=None, packages_select_build_failed=False, packages_skip_build_finished=False, packages_select_test_failures=False, packages_skip_test_passed=False, packages_select=None, packages_skip=None, packages_select_regex=None, packages_skip_regex=None, packages_start=None, packages_end=None, allow_overriding=[], topological_order=False, names_only=False, paths_only=True, topological_graph=False, topological_graph_dot=False, topological_graph_density=False, topological_graph_legend=False, topological_graph_dot_cluster=False, topological_graph_dot_include_skipped=False, verb_parser=<colcon_defaults.argument_parser.defaults.DefaultArgumentsDecorator object at 0x7fb1995d9b10>, verb_extension=<colcon_package_information.verb.list.ListVerb object at 0x7fb1995750c0>, main=<bound method ListVerb.main of <colcon_package_information.verb.list.ListVerb object at 0x7fb1995750c0>>)
[0.534s] Level 1:colcon.colcon_core.package_discovery:discover_packages(colcon_meta) check parameters
[0.534s] Level 1:colcon.colcon_core.package_discovery:discover_packages(recursive) check parameters
[0.534s] Level 1:colcon.colcon_core.package_discovery:discover_packages(ignore) check parameters
[0.534s] Level 1:colcon.colcon_core.package_discovery:discover_packages(path) check parameters
[0.534s] Level 1:colcon.colcon_core.package_discovery:discover_packages(recursive) discover
[0.534s] INFO:colcon.colcon_core.package_discovery:Crawling recursively for packages in '/home/deependu/ROS/ros_basics'
[0.534s] Level 1:colcon.colcon_core.package_identification:_identify(/home/deependu/ROS/ros_basics) by extensions ['ignore', 'ignore_ament_install']
[0.534s] Level 1:colcon.colcon_core.package_identification:_identify(/home/deependu/ROS/ros_basics) by extension 'ignore'
[0.534s] Level 1:colcon.colcon_core.package_identification:_identify(/home/deependu/ROS/ros_basics) by extension 'ignore_ament_install'
[0.534s] Level 1:colcon.colcon_core.package_identification:_identify(/home/deependu/ROS/ros_basics) by extensions ['colcon_pkg']
[0.534s] Level 1:colcon.colcon_core.package_identification:_identify(/home/deependu/ROS/ros_basics) by extension 'colcon_pkg'
[0.535s] Level 1:colcon.colcon_core.package_identification:_identify(/home/deependu/ROS/ros_basics) by extensions ['colcon_meta']
[0.535s] Level 1:colcon.colcon_core.package_identification:_identify(/home/deependu/ROS/ros_basics) by extension 'colcon_meta'
[0.535s] Level 1:colcon.colcon_core.package_identification:_identify(/home/deependu/ROS/ros_basics) by extensions ['ros']
[0.535s] Level 1:colcon.colcon_core.package_identification:_identify(/home/deependu/ROS/ros_basics) by extension 'ros'
[0.546s] Level 1:colcon.colcon_core.package_identification:_identify(/home/deependu/ROS/ros_basics) by extensions ['cmake', 'python']
[0.546s] Level 1:colcon.colcon_core.package_identification:_identify(/home/deependu/ROS/ros_basics) by extension 'cmake'
[0.546s] Level 1:colcon.colcon_core.package_identification:_identify(/home/deependu/ROS/ros_basics) by extension 'python'
[0.546s] Level 1:colcon.colcon_core.package_identification:_identify(/home/deependu/ROS/ros_basics) by extensions ['python_setup_py']
[0.546s] Level 1:colcon.colcon_core.package_identification:_identify(/home/deependu/ROS/ros_basics) by extension 'python_setup_py'
[0.547s] Level 1:colcon.colcon_core.package_identification:_identify(/home/deependu/ROS/ros_basics/log) by extensions ['ignore', 'ignore_ament_install']
[0.547s] Level 1:colcon.colcon_core.package_identification:_identify(/home/deependu/ROS/ros_basics/log) by extension 'ignore'
[0.547s] Level 1:colcon.colcon_core.package_identification:_identify(/home/deependu/ROS/ros_basics/log) ignored
[0.547s] Level 1:colcon.colcon_core.package_identification:_identify(/home/deependu/ROS/ros_basics/src) by extensions ['ignore', 'ignore_ament_install']
[0.547s] Level 1:colcon.colcon_core.package_identification:_identify(/home/deependu/ROS/ros_basics/src) by extension 'ignore'
[0.547s] Level 1:colcon.colcon_core.package_identification:_identify(/home/deependu/ROS/ros_basics/src) by extension 'ignore_ament_install'
[0.547s] Level 1:colcon.colcon_core.package_identification:_identify(/home/deependu/ROS/ros_basics/src) by extensions ['colcon_pkg']
[0.547s] Level 1:colcon.colcon_core.package_identification:_identify(/home/deependu/ROS/ros_basics/src) by extension 'colcon_pkg'
[0.547s] Level 1:colcon.colcon_core.package_identification:_identify(/home/deependu/ROS/ros_basics/src) by extensions ['colcon_meta']
[0.547s] Level 1:colcon.colcon_core.package_identification:_identify(/home/deependu/ROS/ros_basics/src) by extension 'colcon_meta'
[0.547s] Level 1:colcon.colcon_core.package_identification:_identify(/home/deependu/ROS/ros_basics/src) by extensions ['ros']
[0.547s] Level 1:colcon.colcon_core.package_identification:_identify(/home/deependu/ROS/ros_basics/src) by extension 'ros'
[0.547s] Level 1:colcon.colcon_core.package_identification:_identify(/home/deependu/ROS/ros_basics/src) by extensions ['cmake', 'python']
[0.547s] Level 1:colcon.colcon_core.package_identification:_identify(/home/deependu/ROS/ros_basics/src) by extension 'cmake'
[0.547s] Level 1:colcon.colcon_core.package_identification:_identify(/home/deependu/ROS/ros_basics/src) by extension 'python'
[0.547s] Level 1:colcon.colcon_core.package_identification:_identify(/home/deependu/ROS/ros_basics/src) by extensions ['python_setup_py']
[0.547s] Level 1:colcon.colcon_core.package_identification:_identify(/home/deependu/ROS/ros_basics/src) by extension 'python_setup_py'
[0.548s] Level 1:colcon.colcon_core.package_identification:_identify(/home/deependu/ROS/ros_basics/src/my_package_1) by extensions ['ignore', 'ignore_ament_install']
[0.548s] Level 1:colcon.colcon_core.package_identification:_identify(/home/deependu/ROS/ros_basics/src/my_package_1) by extension 'ignore'
[0.548s] Level 1:colcon.colcon_core.package_identification:_identify(/home/deependu/ROS/ros_basics/src/my_package_1) by extension 'ignore_ament_install'
[0.548s] Level 1:colcon.colcon_core.package_identification:_identify(/home/deependu/ROS/ros_basics/src/my_package_1) by extensions ['colcon_pkg']
[0.548s] Level 1:colcon.colcon_core.package_identification:_identify(/home/deependu/ROS/ros_basics/src/my_package_1) by extension 'colcon_pkg'
[0.548s] Level 1:colcon.colcon_core.package_identification:_identify(/home/deependu/ROS/ros_basics/src/my_package_1) by extensions ['colcon_meta']
[0.548s] Level 1:colcon.colcon_core.package_identification:_identify(/home/deependu/ROS/ros_basics/src/my_package_1) by extension 'colcon_meta'
[0.548s] Level 1:colcon.colcon_core.package_identification:_identify(/home/deependu/ROS/ros_basics/src/my_package_1) by extensions ['ros']
[0.548s] Level 1:colcon.colcon_core.package_identification:_identify(/home/deependu/ROS/ros_basics/src/my_package_1) by extension 'ros'
[0.551s] DEBUG:colcon.colcon_core.package_identification:Package '/home/deependu/ROS/ros_basics/src/my_package_1' with type 'ros.ament_cmake' and name 'my_package_1'
[0.551s] Level 1:colcon.colcon_core.package_discovery:discover_packages(recursive) using defaults
