[0.016s] Invoking command in '/home/deependu/ROS/ros_basics/build/my_package_1': CMAKE_PREFIX_PATH=${CMAKE_PREFIX_PATH}:/opt/ros/humble /usr/bin/cmake --build /home/deependu/ROS/ros_basics/build/my_package_1 -- -j8 -l8
[0.060s] [ 50%] [32mBuilding CXX object CMakeFiles/talker.dir/src/publisher_member_function.cpp.o[0m
[4.117s] [100%] [32m[1mLinking CXX executable talker[0m
[4.300s] [100%] Built target talker
[4.308s] Invoked command in '/home/deependu/ROS/ros_basics/build/my_package_1' returned '0': CMAKE_PREFIX_PATH=${CMAKE_PREFIX_PATH}:/opt/ros/humble /usr/bin/cmake --build /home/deependu/ROS/ros_basics/build/my_package_1 -- -j8 -l8
[4.334s] Invoking command in '/home/deependu/ROS/ros_basics/build/my_package_1': CMAKE_PREFIX_PATH=${CMAKE_PREFIX_PATH}:/opt/ros/humble /usr/bin/cmake --install /home/deependu/ROS/ros_basics/build/my_package_1
[4.340s] -- Install configuration: ""
[4.340s] -- Installing: /home/deependu/ROS/ros_basics/install/my_package_1/lib/my_package_1/talker
[4.342s] -- Set runtime path of "/home/deependu/ROS/ros_basics/install/my_package_1/lib/my_package_1/talker" to ""
[4.342s] -- Up-to-date: /home/deependu/ROS/ros_basics/install/my_package_1/share/ament_index/resource_index/package_run_dependencies/my_package_1
[4.342s] -- Up-to-date: /home/deependu/ROS/ros_basics/install/my_package_1/share/ament_index/resource_index/parent_prefix_path/my_package_1
[4.342s] -- Up-to-date: /home/deependu/ROS/ros_basics/install/my_package_1/share/my_package_1/environment/ament_prefix_path.sh
[4.342s] -- Up-to-date: /home/deependu/ROS/ros_basics/install/my_package_1/share/my_package_1/environment/ament_prefix_path.dsv
[4.342s] -- Up-to-date: /home/deependu/ROS/ros_basics/install/my_package_1/share/my_package_1/environment/path.sh
[4.342s] -- Up-to-date: /home/deependu/ROS/ros_basics/install/my_package_1/share/my_package_1/environment/path.dsv
[4.342s] -- Up-to-date: /home/deependu/ROS/ros_basics/install/my_package_1/share/my_package_1/local_setup.bash
[4.342s] -- Up-to-date: /home/deependu/ROS/ros_basics/install/my_package_1/share/my_package_1/local_setup.sh
[4.343s] -- Up-to-date: /home/deependu/ROS/ros_basics/install/my_package_1/share/my_package_1/local_setup.zsh
[4.343s] -- Up-to-date: /home/deependu/ROS/ros_basics/install/my_package_1/share/my_package_1/local_setup.dsv
[4.343s] -- Installing: /home/deependu/ROS/ros_basics/install/my_package_1/share/my_package_1/package.dsv
[4.343s] -- Up-to-date: /home/deependu/ROS/ros_basics/install/my_package_1/share/ament_index/resource_index/packages/my_package_1
[4.343s] -- Up-to-date: /home/deependu/ROS/ros_basics/install/my_package_1/share/my_package_1/cmake/my_package_1Config.cmake
[4.343s] -- Up-to-date: /home/deependu/ROS/ros_basics/install/my_package_1/share/my_package_1/cmake/my_package_1Config-version.cmake
[4.343s] -- Up-to-date: /home/deependu/ROS/ros_basics/install/my_package_1/share/my_package_1/package.xml
[4.345s] Invoked command in '/home/deependu/ROS/ros_basics/build/my_package_1' returned '0': CMAKE_PREFIX_PATH=${CMAKE_PREFIX_PATH}:/opt/ros/humble /usr/bin/cmake --install /home/deependu/ROS/ros_basics/build/my_package_1
